[0.030s] Invoking command in '/home/rusty/GITrepo/visualizer/build/visualizer': CMAKE_PREFIX_PATH=${CMAKE_PREFIX_PATH}:/home/rusty/turtlbot3_ws/install/turtlebot3_teleop:/home/rusty/turtlbot3_ws/install/turtlebot3_example:/opt/ros/foxy /usr/bin/cmake --build /home/rusty/GITrepo/visualizer/build/visualizer -- -j8 -l8
[0.102s] [35m[1mScanning dependencies of target visualizer[0m
[0.139s] [ 50%] Built target talker
[0.165s] [ 75%] [32mBuilding CXX object CMakeFiles/visualizer.dir/src/visualizer.cpp.o[0m
[4.759s] [01m[K/home/rusty/GITrepo/visualizer/src/visualizer.cpp:[m[K In constructor â€˜[01m[KMinimalSubscriber::MinimalSubscriber()[m[Kâ€™:
[4.759s] [01m[K/home/rusty/GITrepo/visualizer/src/visualizer.cpp:33:6:[m[K [01;35m[Kwarning: [m[Kunused variable â€˜[01m[KnumCallbackCalled[m[Kâ€™ [[01;35m[K-Wunused-variable[m[K]
[4.760s]    33 |  int [01;35m[KnumCallbackCalled[m[K = 0;
[4.760s]       |      [01;35m[K^~~~~~~~~~~~~~~~~[m[K
[4.768s] [01m[K/home/rusty/GITrepo/visualizer/src/visualizer.cpp:[m[K In member function â€˜[01m[Kvoid MinimalSubscriber::topic_callback(std_msgs::msg::String_<std::allocator<void> >::SharedPtr)[m[Kâ€™:
[4.768s] [01m[K/home/rusty/GITrepo/visualizer/src/visualizer.cpp:66:59:[m[K [01;31m[Kerror: [m[Kâ€˜[01m[Kt[m[Kâ€™ was not declared in this scope; did you mean â€˜[01m[Ktm[m[Kâ€™?
[4.768s]    66 |     double scale = getAbsoluteScale(numCallbackCalled, 0, [01;31m[Kt[m[K.at<double>(2));
[4.769s]       |                                                           [01;31m[K^[m[K
[4.769s]       |                                                           [32m[Ktm[m[K
[4.769s] [01m[K/home/rusty/GITrepo/visualizer/src/visualizer.cpp:66:64:[m[K [01;31m[Kerror: [m[Kexpected primary-expression before â€˜[01m[Kdouble[m[Kâ€™
[4.769s]    66 |     double scale = getAbsoluteScale(numCallbackCalled, 0, t.at<[01;31m[Kdouble[m[K>(2));
[4.769s]       |                                                                [01;31m[K^~~~~~[m[K
[4.776s] [01m[K/home/rusty/GITrepo/visualizer/src/visualizer.cpp:66:20:[m[K [01;31m[Kerror: [m[Kâ€˜[01m[KgetAbsoluteScale[m[Kâ€™ was not declared in this scope
[4.776s]    66 |     double scale = [01;31m[KgetAbsoluteScale[m[K(numCallbackCalled, 0, t.at<double>(2));
[4.776s]       |                    [01;31m[K^~~~~~~~~~~~~~~~[m[K
[4.778s] [01m[K/home/rusty/GITrepo/visualizer/src/visualizer.cpp:69:14:[m[K [01;31m[Kerror: [m[Kâ€˜[01m[KR[m[Kâ€™ was not declared in this scope
[4.778s]    69 |     traj_R = [01;31m[KR[m[K*traj_R;
[4.778s]       |              [01;31m[K^[m[K
[4.780s] [01m[K/home/rusty/GITrepo/visualizer/src/visualizer.cpp:55:62:[m[K [01;35m[Kwarning: [m[Kunused parameter â€˜[01m[Kmsg[m[Kâ€™ [[01;35m[K-Wunused-parameter[m[K]
[4.780s]    55 |   void topic_callback([01;35m[Kconst std_msgs::msg::String::SharedPtr msg[m[K)
[4.780s]       |                       [01;35m[K~~~~~~~~~~~~~~~~~~~~~~~~~~~~~~~~~~~~~~~^~~[m[K
[8.415s] make[2]: *** [CMakeFiles/visualizer.dir/build.make:63: CMakeFiles/visualizer.dir/src/visualizer.cpp.o] Error 1
[8.415s] make[1]: *** [CMakeFiles/Makefile2:80: CMakeFiles/visualizer.dir/all] Error 2
[8.416s] make: *** [Makefile:141: all] Error 2
[8.419s] Invoked command in '/home/rusty/GITrepo/visualizer/build/visualizer' returned '2': CMAKE_PREFIX_PATH=${CMAKE_PREFIX_PATH}:/home/rusty/turtlbot3_ws/install/turtlebot3_teleop:/home/rusty/turtlbot3_ws/install/turtlebot3_example:/opt/ros/foxy /usr/bin/cmake --build /home/rusty/GITrepo/visualizer/build/visualizer -- -j8 -l8
