[0.031s] Invoking command in '/home/rusty/GITrepo/visualizer/build/visualizer': CMAKE_PREFIX_PATH=${CMAKE_PREFIX_PATH}:/home/rusty/turtlbot3_ws/install/turtlebot3_teleop:/home/rusty/turtlbot3_ws/install/turtlebot3_example:/opt/ros/foxy /usr/bin/cmake --build /home/rusty/GITrepo/visualizer/build/visualizer -- -j8 -l8
[0.101s] [35m[1mScanning dependencies of target visualizer[0m
[0.133s] [ 50%] Built target talker
[0.166s] [ 75%] [32mBuilding CXX object CMakeFiles/visualizer.dir/src/visualizer.cpp.o[0m
[4.616s] [01m[K/home/rusty/GITrepo/visualizer/src/visualizer.cpp:55:24:[m[K [01;31m[Kerror: [m[Kredeclaration of â€˜[01m[Kstd::vector<cv::Mat> MinimalSubscriber::groundTruth[m[Kâ€™
[4.617s]    55 |   std::vector<cv::Mat> [01;31m[KgroundTruth[m[K;
[4.617s]       |                        [01;31m[K^~~~~~~~~~~[m[K
[4.617s] [01m[K/home/rusty/GITrepo/visualizer/src/visualizer.cpp:45:24:[m[K [01;36m[Knote: [m[Kprevious declaration â€˜[01m[Kstd::vector<cv::Mat> MinimalSubscriber::groundTruth[m[Kâ€™
[4.617s]    45 |   std::vector<cv::Mat> [01;36m[KgroundTruth[m[K;
[4.617s]       |                        [01;36m[K^~~~~~~~~~~[m[K
[4.643s] [01m[K/home/rusty/GITrepo/visualizer/src/visualizer.cpp:100:40:[m[K [01;31m[Kerror: [m[Kâ€˜[01m[Kstring[m[Kâ€™ has not been declared
[4.643s]   100 |   std::vector<cv::Mat> loadGroundTruth([01;31m[Kstring[m[K filename) {
[4.643s]       |                                        [01;31m[K^~~~~~[m[K
[4.662s] [01m[K/home/rusty/GITrepo/visualizer/src/visualizer.cpp:[m[K In constructor â€˜[01m[KMinimalSubscriber::MinimalSubscriber()[m[Kâ€™:
[4.662s] [01m[K/home/rusty/GITrepo/visualizer/src/visualizer.cpp:29:56:[m[K [01;31m[Kerror: [m[Kinvalid conversion from â€˜[01m[Kconst char*[m[Kâ€™ to â€˜[01m[Kint[m[Kâ€™ [[01;31m[K-fpermissive[m[K]
[4.662s]    29 |     std::vector<cv::Mat> groundTruth = loadGroundTruth([01;31m[K"~/rgbd_dataset_freiburg1_desk2/groundtruth.txt"[m[K);
[4.663s]       |                                                        [01;31m[K^~~~~~~~~~~~~~~~~~~~~~~~~~~~~~~~~~~~~~~~~~~~~~~~[m[K
[4.663s]       |                                                        [01;31m[K|[m[K
[4.663s]       |                                                        [01;31m[Kconst char*[m[K
[4.663s] [01m[K/home/rusty/GITrepo/visualizer/src/visualizer.cpp:100:47:[m[K [01;36m[Knote: [m[K  initializing argument 1 of â€˜[01m[Kstd::vector<cv::Mat> MinimalSubscriber::loadGroundTruth(int)[m[Kâ€™
[4.663s]   100 |   std::vector<cv::Mat> loadGroundTruth([01;36m[Kstring filename[m[K) {
[4.664s]       |                                        [01;36m[K~~~~~~~^~~~~~~~[m[K
[4.664s] [01m[K/home/rusty/GITrepo/visualizer/src/visualizer.cpp:34:6:[m[K [01;35m[Kwarning: [m[Kunused variable â€˜[01m[KnumCallbackCalled[m[Kâ€™ [[01;35m[K-Wunused-variable[m[K]
[4.664s]    34 |  int [01;35m[KnumCallbackCalled[m[K = 0;
[4.664s]       |      [01;35m[K^~~~~~~~~~~~~~~~~[m[K
[4.671s] [01m[K/home/rusty/GITrepo/visualizer/src/visualizer.cpp:[m[K In member function â€˜[01m[Kvoid MinimalSubscriber::topic_callback(std_msgs::msg::String_<std::allocator<void> >::SharedPtr) const[m[Kâ€™:
[4.671s] [01m[K/home/rusty/GITrepo/visualizer/src/visualizer.cpp:62:39:[m[K [01;31m[Kerror: [m[Kâ€˜[01m[Ki[m[Kâ€™ was not declared in this scope
[4.671s]    62 |   last_frame = cv::imread(frame_paths[[01;31m[Ki[m[K]);
[4.671s]       |                                       [01;31m[K^[m[K
[4.672s] [01m[K/home/rusty/GITrepo/visualizer/src/visualizer.cpp:66:38:[m[K [01;31m[Kerror: [m[Kâ€˜[01m[Ki[m[Kâ€™ was not declared in this scope
[4.672s]    66 |  curr_frame = cv::imread(frame_paths[[01;31m[Ki[m[K]);
[4.673s]       |                                      [01;31m[K^[m[K
[4.673s] [01m[K/home/rusty/GITrepo/visualizer/src/visualizer.cpp:69:15:[m[K [01;31m[Kerror: [m[Kpassing â€˜[01m[Kconst cv::Mat[m[Kâ€™ as â€˜[01m[Kthis[m[Kâ€™ argument discards qualifiers [[01;31m[K-fpermissive[m[K]
[4.673s]    69 |  last_frame = [01;31m[Kcurr_frame[m[K;
[4.673s]       |               [01;31m[K^~~~~~~~~~[m[K
[4.673s] In file included from [01m[K/usr/include/opencv4/opencv2/core/mat.hpp:3724[m[K,
[4.673s]                  from [01m[K/usr/include/opencv4/opencv2/core.hpp:59[m[K,
[4.674s]                  from [01m[K/usr/include/opencv4/opencv2/opencv.hpp:52[m[K,
[4.674s]                  from [01m[K/home/rusty/GITrepo/visualizer/src/visualizer.cpp:3[m[K:
[4.674s] [01m[K/usr/include/opencv4/opencv2/core/mat.inl.hpp:743:6:[m[K [01;36m[Knote: [m[K  in call to â€˜[01m[Kcv::Mat& cv::Mat::operator=(const cv::Mat&)[m[Kâ€™
[4.674s]   743 | Mat& [01;36m[KMat[m[K::operator = (const Mat& m)
[4.674s]       |      [01;36m[K^~~[m[K
[4.675s] [01m[K/home/rusty/GITrepo/visualizer/src/visualizer.cpp:70:2:[m[K [01;31m[Kerror: [m[Kâ€˜[01m[KnumCallBackCalled[m[Kâ€™ was not declared in this scope; did you mean â€˜[01m[KnumCallbackCalled[m[Kâ€™?
[4.675s]    70 |  [01;31m[KnumCallBackCalled[m[K++;
[4.675s]       |  [01;31m[K^~~~~~~~~~~~~~~~~[m[K
[4.675s]       |  [32m[KnumCallbackCalled[m[K
[4.676s] [01m[K/home/rusty/GITrepo/visualizer/src/visualizer.cpp:72:59:[m[K [01;31m[Kerror: [m[Kâ€˜[01m[Kt[m[Kâ€™ was not declared in this scope; did you mean â€˜[01m[Ktm[m[Kâ€™?
[4.676s]    72 |     double scale = getAbsoluteScale(numCallbackCalled, 0, [01;31m[Kt[m[K.at<double>(2));
[4.676s]       |                                                           [01;31m[K^[m[K
[4.676s]       |                                                           [32m[Ktm[m[K
[4.676s] [01m[K/home/rusty/GITrepo/visualizer/src/visualizer.cpp:72:64:[m[K [01;31m[Kerror: [m[Kexpected primary-expression before â€˜[01m[Kdouble[m[Kâ€™
[4.676s]    72 |     double scale = getAbsoluteScale(numCallbackCalled, 0, t.at<[01;31m[Kdouble[m[K>(2));
[4.677s]       |                                                                [01;31m[K^~~~~~[m[K
[4.682s] [01m[K/home/rusty/GITrepo/visualizer/src/visualizer.cpp:72:20:[m[K [01;31m[Kerror: [m[Kâ€˜[01m[KgetAbsoluteScale[m[Kâ€™ was not declared in this scope
[4.682s]    72 |     double scale = [01;31m[KgetAbsoluteScale[m[K(numCallbackCalled, 0, t.at<double>(2));
[4.683s]       |                    [01;31m[K^~~~~~~~~~~~~~~~[m[K
[4.684s] [01m[K/home/rusty/GITrepo/visualizer/src/visualizer.cpp:75:14:[m[K [01;31m[Kerror: [m[Kâ€˜[01m[KR[m[Kâ€™ was not declared in this scope
[4.684s]    75 |     traj_R = [01;31m[KR[m[K*traj_R;
[4.684s]       |              [01;31m[K^[m[K
[4.685s] [01m[K/home/rusty/GITrepo/visualizer/src/visualizer.cpp:58:62:[m[K [01;35m[Kwarning: [m[Kunused parameter â€˜[01m[Kmsg[m[Kâ€™ [[01;35m[K-Wunused-parameter[m[K]
[4.685s]    58 |   void topic_callback([01;35m[Kconst std_msgs::msg::String::SharedPtr msg[m[K) const
[4.686s]       |                       [01;35m[K~~~~~~~~~~~~~~~~~~~~~~~~~~~~~~~~~~~~~~~^~~[m[K
[4.686s] [01m[K/home/rusty/GITrepo/visualizer/src/visualizer.cpp:[m[K In member function â€˜[01m[Kstd::vector<cv::Mat> MinimalSubscriber::loadGroundTruth(int)[m[Kâ€™:
[4.686s] [01m[K/home/rusty/GITrepo/visualizer/src/visualizer.cpp:101:5:[m[K [01;31m[Kerror: [m[Kâ€˜[01m[Kvector[m[Kâ€™ was not declared in this scope; did you mean â€˜[01m[Kstd::vector[m[Kâ€™?
[4.686s]   101 |     [01;31m[Kvector[m[K<cv::Mat> gt;
[4.686s]       |     [01;31m[K^~~~~~[m[K
[4.686s]       |     [32m[Kstd::vector[m[K
[4.687s] In file included from [01m[K/usr/include/c++/9/vector:67[m[K,
[4.687s]                  from [01m[K/usr/include/opencv4/opencv2/core/types.hpp:53[m[K,
[4.687s]                  from [01m[K/usr/include/opencv4/opencv2/core.hpp:58[m[K,
[4.687s]                  from [01m[K/usr/include/opencv4/opencv2/opencv.hpp:52[m[K,
[4.687s]                  from [01m[K/home/rusty/GITrepo/visualizer/src/visualizer.cpp:3[m[K:
[4.688s] [01m[K/usr/include/c++/9/bits/stl_vector.h:386:11:[m[K [01;36m[Knote: [m[Kâ€˜[01m[Kstd::vector[m[Kâ€™ declared here
[4.688s]   386 |     class [01;36m[Kvector[m[K : protected _Vector_base<_Tp, _Alloc>
[4.688s]       |           [01;36m[K^~~~~~[m[K
[4.688s] [01m[K/home/rusty/GITrepo/visualizer/src/visualizer.cpp:101:19:[m[K [01;31m[Kerror: [m[Kexpected primary-expression before â€˜[01m[K>[m[Kâ€™ token
[4.688s]   101 |     vector<cv::Mat[01;31m[K>[m[K gt;
[4.688s]       |                   [01;31m[K^[m[K
[4.689s] [01m[K/home/rusty/GITrepo/visualizer/src/visualizer.cpp:101:21:[m[K [01;31m[Kerror: [m[Kâ€˜[01m[Kgt[m[Kâ€™ was not declared in this scope
[4.689s]   101 |     vector<cv::Mat> [01;31m[Kgt[m[K;
[4.689s]       |                     [01;31m[K^~[m[K
[4.689s] [01m[K/home/rusty/GITrepo/visualizer/src/visualizer.cpp:102:5:[m[K [01;31m[Kerror: [m[Kâ€˜[01m[Kifstream[m[Kâ€™ was not declared in this scope; did you mean â€˜[01m[Kstd::ifstream[m[Kâ€™?
[4.689s]   102 |     [01;31m[Kifstream[m[K file(filename);
[4.689s]       |     [01;31m[K^~~~~~~~[m[K
[4.690s]       |     [32m[Kstd::ifstream[m[K
[4.690s] In file included from [01m[K/usr/include/c++/9/bits/localefwd.h:41[m[K,
[4.690s]                  from [01m[K/usr/include/c++/9/string:43[m[K,
[4.690s]                  from [01m[K/usr/include/c++/9/stdexcept:39[m[K,
[4.690s]                  from [01m[K/usr/include/c++/9/array:39[m[K,
[4.690s]                  from [01m[K/usr/include/c++/9/tuple:39[m[K,
[4.691s]                  from [01m[K/usr/include/c++/9/functional:54[m[K,
[4.691s]                  from [01m[K/home/rusty/GITrepo/visualizer/src/visualizer.cpp:1[m[K:
[4.691s] [01m[K/usr/include/c++/9/iosfwd:162:34:[m[K [01;36m[Knote: [m[Kâ€˜[01m[Kstd::ifstream[m[Kâ€™ declared here
[4.691s]   162 |   typedef basic_ifstream<char>   [01;36m[Kifstream[m[K;
[4.691s]       |                                  [01;36m[K^~~~~~~~[m[K
[4.691s] [01m[K/home/rusty/GITrepo/visualizer/src/visualizer.cpp:105:20:[m[K [01;31m[Kerror: [m[Kâ€˜[01m[Kfile[m[Kâ€™ was not declared in this scope
[4.692s]   105 |     while (getline([01;31m[Kfile[m[K, line)) {
[4.692s]       |                    [01;31m[K^~~~[m[K
[4.692s] [01m[K/home/rusty/GITrepo/visualizer/src/visualizer.cpp:100:47:[m[K [01;35m[Kwarning: [m[Kunused parameter â€˜[01m[Kfilename[m[Kâ€™ [[01;35m[K-Wunused-parameter[m[K]
[4.692s]   100 |   std::vector<cv::Mat> loadGroundTruth([01;35m[Kstring filename[m[K) {
[4.692s]       |                                        [01;35m[K~~~~~~~^~~~~~~~[m[K
[8.256s] make[2]: *** [CMakeFiles/visualizer.dir/build.make:63: CMakeFiles/visualizer.dir/src/visualizer.cpp.o] Error 1
[8.256s] make[1]: *** [CMakeFiles/Makefile2:80: CMakeFiles/visualizer.dir/all] Error 2
[8.257s] make: *** [Makefile:141: all] Error 2
[8.260s] Invoked command in '/home/rusty/GITrepo/visualizer/build/visualizer' returned '2': CMAKE_PREFIX_PATH=${CMAKE_PREFIX_PATH}:/home/rusty/turtlbot3_ws/install/turtlebot3_teleop:/home/rusty/turtlbot3_ws/install/turtlebot3_example:/opt/ros/foxy /usr/bin/cmake --build /home/rusty/GITrepo/visualizer/build/visualizer -- -j8 -l8
